

============================== 2023-04-24 18:25:18.061569 | 9ebfaf2f-f35e-4dba-8c7f-25b78fc4e69a ==============================
[0m18:25:18.061569 [info ] [MainThread]: Running with dbt=1.4.6
[0m18:25:18.063799 [debug] [MainThread]: running dbt with arguments {'write_json': True, 'use_colors': True, 'printer_width': 80, 'version_check': True, 'partial_parse': True, 'static_parser': True, 'profiles_dir': '/Users/bengisuakkir/.dbt', 'send_anonymous_usage_stats': True, 'quiet': False, 'no_print': False, 'cache_selected_only': False, 'project_name': 'sumup', 'skip_profile_setup': False, 'which': 'init', 'indirect_selection': 'eager'}
[0m18:25:18.064147 [debug] [MainThread]: Tracking: tracking
[0m18:25:18.107567 [debug] [MainThread]: Sending event: {'category': 'dbt', 'action': 'invocation', 'label': 'start', 'context': [<snowplow_tracker.self_describing_json.SelfDescribingJson object at 0x1020cce50>, <snowplow_tracker.self_describing_json.SelfDescribingJson object at 0x10519c7c0>, <snowplow_tracker.self_describing_json.SelfDescribingJson object at 0x1051b12e0>]}
[0m18:25:18.112343 [debug] [MainThread]: Starter project path: /Users/bengisuakkir/.pyenv/versions/3.9.12/envs/sumup-test/lib/python3.9/site-packages/dbt/include/starter_project
[0m18:28:13.164966 [info ] [MainThread]: Profile sumup written to /Users/bengisuakkir/.dbt/profiles.yml using target's profile_template.yml and your supplied values. Run 'dbt debug' to validate the connection.
[0m18:28:13.167079 [info ] [MainThread]: 
Your new dbt project "sumup" was created!

For more information on how to configure the profiles.yml file,
please consult the dbt documentation here:

  https://docs.getdbt.com/docs/configure-your-profile

One more thing:

Need help? Don't hesitate to reach out to us via GitHub issues or on Slack:

  https://community.getdbt.com/

Happy modeling!

[0m18:28:13.168181 [debug] [MainThread]: Sending event: {'category': 'dbt', 'action': 'invocation', 'label': 'end', 'context': [<snowplow_tracker.self_describing_json.SelfDescribingJson object at 0x1051b12e0>, <snowplow_tracker.self_describing_json.SelfDescribingJson object at 0x105bb9370>, <snowplow_tracker.self_describing_json.SelfDescribingJson object at 0x105199880>]}
[0m18:28:13.168968 [debug] [MainThread]: Flushing usage events


============================== 2023-04-24 18:28:21.693073 | 6d3e5d58-e538-4c64-8c0b-b503d31dcc2e ==============================
[0m18:28:21.693073 [info ] [MainThread]: Running with dbt=1.4.6
[0m18:28:21.694899 [debug] [MainThread]: running dbt with arguments {'write_json': True, 'use_colors': True, 'printer_width': 80, 'version_check': True, 'partial_parse': True, 'static_parser': True, 'profiles_dir': '/Users/bengisuakkir/.dbt', 'send_anonymous_usage_stats': True, 'quiet': False, 'no_print': False, 'cache_selected_only': False, 'config_dir': False, 'which': 'debug', 'indirect_selection': 'eager'}
[0m18:28:21.695170 [debug] [MainThread]: Tracking: tracking
[0m18:28:21.721314 [debug] [MainThread]: Sending event: {'category': 'dbt', 'action': 'invocation', 'label': 'start', 'context': [<snowplow_tracker.self_describing_json.SelfDescribingJson object at 0x10abb1e80>, <snowplow_tracker.self_describing_json.SelfDescribingJson object at 0x10ac14130>, <snowplow_tracker.self_describing_json.SelfDescribingJson object at 0x10ac32880>]}
[0m18:28:22.785726 [debug] [MainThread]: Executing "git --help"
[0m18:28:22.810475 [debug] [MainThread]: STDOUT: "b"usage: git [--version] [--help] [-C <path>] [-c <name>=<value>]\n           [--exec-path[=<path>]] [--html-path] [--man-path] [--info-path]\n           [-p | --paginate | -P | --no-pager] [--no-replace-objects] [--bare]\n           [--git-dir=<path>] [--work-tree=<path>] [--namespace=<name>]\n           [--super-prefix=<path>] [--config-env=<name>=<envvar>]\n           <command> [<args>]\n\nThese are common Git commands used in various situations:\n\nstart a working area (see also: git help tutorial)\n   clone             Clone a repository into a new directory\n   init              Create an empty Git repository or reinitialize an existing one\n\nwork on the current change (see also: git help everyday)\n   add               Add file contents to the index\n   mv                Move or rename a file, a directory, or a symlink\n   restore           Restore working tree files\n   rm                Remove files from the working tree and from the index\n   sparse-checkout   Initialize and modify the sparse-checkout\n\nexamine the history and state (see also: git help revisions)\n   bisect            Use binary search to find the commit that introduced a bug\n   diff              Show changes between commits, commit and working tree, etc\n   grep              Print lines matching a pattern\n   log               Show commit logs\n   show              Show various types of objects\n   status            Show the working tree status\n\ngrow, mark and tweak your common history\n   branch            List, create, or delete branches\n   commit            Record changes to the repository\n   merge             Join two or more development histories together\n   rebase            Reapply commits on top of another base tip\n   reset             Reset current HEAD to the specified state\n   switch            Switch branches\n   tag               Create, list, delete or verify a tag object signed with GPG\n\ncollaborate (see also: git help workflows)\n   fetch             Download objects and refs from another repository\n   pull              Fetch from and integrate with another repository or a local branch\n   push              Update remote refs along with associated objects\n\n'git help -a' and 'git help -g' list available subcommands and some\nconcept guides. See 'git help <command>' or 'git help <concept>'\nto read about a specific subcommand or concept.\nSee 'git help git' for an overview of the system.\n""
[0m18:28:22.811767 [debug] [MainThread]: STDERR: "b''"
[0m18:28:22.813024 [debug] [MainThread]: Sending event: {'category': 'dbt', 'action': 'invocation', 'label': 'end', 'context': [<snowplow_tracker.self_describing_json.SelfDescribingJson object at 0x10abb1e80>, <snowplow_tracker.self_describing_json.SelfDescribingJson object at 0x10af460d0>, <snowplow_tracker.self_describing_json.SelfDescribingJson object at 0x10c0beca0>]}
[0m18:28:22.814526 [debug] [MainThread]: Flushing usage events
